2025-03-07 15:58:09,930 - medical_code_automation - INFO - No valid cache found, starting with empty cache
2025-03-07 15:58:09,930 - medical_code_automation - INFO - Medical Code Automation initialized
2025-03-07 15:58:09,930 - api_server - INFO - Starting Medical Code API server on port 8000
2025-03-07 15:58:09,939 - werkzeug - INFO - [31m[1mWARNING: This is a development server. Do not use it in a production deployment. Use a production WSGI server instead.[0m
 * Running on all addresses (0.0.0.0)
 * Running on http://127.0.0.1:8000
 * Running on http://10.87.142.102:8000
2025-03-07 15:58:09,939 - werkzeug - INFO - [33mPress CTRL+C to quit[0m
2025-03-07 15:58:13,650 - werkzeug - INFO - 127.0.0.1 - - [07/Mar/2025 15:58:13] "GET /health HTTP/1.1" 200 -
2025-03-07 15:58:16,519 - api_server - INFO - API search request: query='wheelchair', max_results=20
2025-03-07 15:58:16,519 - medical_code_automation - INFO - Searching for codes with query: 'wheelchair'
2025-03-07 15:58:16,630 - medical_code_automation - INFO - API response: [320, ['E2210', 'K0001', 'K0003', 'K0005', 'E0961', 'E0968', 'E0969', 'E0980', 'E0994', 'E1060', 'E1160', 'E1229', 'G9156', 'K0006', 'K0898', 'E0966', 'E0970', 'E0971', 'E0990', 'E0992'], {'code': ['E2210', 'K0001', 'K0003', 'K0005', 'E0961', 'E0968', 'E0969', 'E0980', 'E0994', 'E1060', 'E1160', 'E1229', 'G9156', 'K0006', 'K0898', 'E0966', 'E0970', 'E0971', 'E0990', 'E0992'], 'display': ['Wheelchair bearings', 'Standard wheelchair', 'Lightweight wheelchair', 'Ultralightweight wheelchair', 'Wheelchair brake extension', 'Wheelchair commode seat', 'Wheelchair narrowing device', 'Wheelchair safety vest', 'Wheelchair arm rest', 'Wheelchair detachable arms', 'Wheelchair fixed arms', 'Pediatric wheelchair nos', 'Evaluation for wheelchair', 'Heavy duty wheelchair', 'Power wheelchair noc', 'Wheelchair head rest extensi', 'Wheelchair no. 2 footplates', 'Wheelchair anti-tipping devi', 'Wheelchair elevating leg res', 'Wheelchair solid seat insert'], 'short_desc': ['Wheelchair bearings', 'Standard wheelchair', 'Lightweight wheelchair', 'Ultralightweight wheelchair', 'Wheelchair brake extension', 'Wheelchair commode seat', 'Wheelchair narrowing device', 'Wheelchair safety vest', 'Wheelchair arm rest', 'Wheelchair detachable arms', 'Wheelchair fixed arms', 'Pediatric wheelchair nos', 'Evaluation for wheelchair', 'Heavy duty wheelchair', 'Power wheelchair noc', 'Wheelchair head rest extensi', 'Wheelchair no. 2 footplates', 'Wheelchair anti-tipping devi', 'Wheelchair elevating leg res', 'Wheelchair solid seat insert'], 'long_desc': ['Wheelchair accessory, bearings, any type, replacement only, each', 'Standard wheelchair', 'Lightweight wheelchair', 'Ultralightweight wheelchair', 'Manual wheelchair accessory, wheel lock brake extension (handle), each', 'Commode seat, wheelchair', 'Narrowing device, wheelchair', 'Safety vest, wheelchair', 'Arm rest, each', 'Fully-reclining wheelchair, detachable arms, desk or full length, swing away detachable elevating legrests', 'Wheelchair, fixed full length arms, swing away detachable elevating legrests', 'Wheelchair, pediatric size, not otherwise specified', 'Evaluation for wheelchair requiring face to face visit with physician', 'Heavy duty wheelchair', 'Power wheelchair, not otherwise classified', 'Manual wheelchair accessory, headrest extension, each', 'No. 2 footplates, except for elevating leg rest', 'Manual wheelchair accessory, anti-tipping device, each', 'Wheelchair accessory, elevating leg rest, complete assembly, each', 'Manual wheelchair accessory, solid seat insert']}, [['E2210', 'Wheelchair bearings'], ['K0001', 'Standard wheelchair'], ['K0003', 'Lightweight wheelchair'], ['K0005', 'Ultralightweight wheelchair'], ['E0961', 'Wheelchair brake extension'], ['E0968', 'Wheelchair commode seat'], ['E0969', 'Wheelchair narrowing device'], ['E0980', 'Wheelchair safety vest'], ['E0994', 'Wheelchair arm rest'], ['E1060', 'Wheelchair detachable arms'], ['E1160', 'Wheelchair fixed arms'], ['E1229', 'Pediatric wheelchair nos'], ['G9156', 'Evaluation for wheelchair'], ['K0006', 'Heavy duty wheelchair'], ['K0898', 'Power wheelchair noc'], ['E0966', 'Wheelchair head rest extensi'], ['E0970', 'Wheelchair no. 2 footplates'], ['E0971', 'Wheelchair anti-tipping devi'], ['E0990', 'Wheelchair elevating leg res'], ['E0992', 'Wheelchair solid seat insert']]]
2025-03-07 15:58:16,630 - medical_code_automation - INFO - Saved 20 codes to cache
2025-03-07 15:58:16,630 - medical_code_automation - INFO - Found 20 matching codes
2025-03-07 15:58:16,631 - werkzeug - INFO - 127.0.0.1 - - [07/Mar/2025 15:58:16] "GET /api/codes/search?q=wheelchair HTTP/1.1" 200 -
2025-03-07 15:58:21,770 - medical_code_automation - INFO - Loaded 20 codes from cache
2025-03-07 15:58:21,770 - medical_code_automation - INFO - Medical Code Automation initialized
2025-03-07 15:58:21,770 - medical_code_automation - INFO - Searching for codes with query: 'wheelchair'
2025-03-07 15:58:21,881 - medical_code_automation - INFO - API response: [320, ['E2210', 'K0001', 'K0003', 'K0005', 'E0961'], {'code': ['E2210', 'K0001', 'K0003', 'K0005', 'E0961'], 'display': ['Wheelchair bearings', 'Standard wheelchair', 'Lightweight wheelchair', 'Ultralightweight wheelchair', 'Wheelchair brake extension'], 'short_desc': ['Wheelchair bearings', 'Standard wheelchair', 'Lightweight wheelchair', 'Ultralightweight wheelchair', 'Wheelchair brake extension'], 'long_desc': ['Wheelchair accessory, bearings, any type, replacement only, each', 'Standard wheelchair', 'Lightweight wheelchair', 'Ultralightweight wheelchair', 'Manual wheelchair accessory, wheel lock brake extension (handle), each']}, [['E2210', 'Wheelchair bearings'], ['K0001', 'Standard wheelchair'], ['K0003', 'Lightweight wheelchair'], ['K0005', 'Ultralightweight wheelchair'], ['E0961', 'Wheelchair brake extension']]]
2025-03-07 15:58:21,881 - medical_code_automation - INFO - Saved 20 codes to cache
2025-03-07 15:58:21,882 - medical_code_automation - INFO - Found 5 matching codes
2025-03-07 15:58:25,277 - example_usage - INFO - Starting example: Patient Visit
2025-03-07 15:58:25,277 - medical_code_automation - INFO - Loaded 20 codes from cache
2025-03-07 15:58:25,277 - medical_code_automation - INFO - Medical Code Automation initialized
2025-03-07 15:58:25,277 - example_usage - INFO - 
Step 1: Finding appropriate codes for the visit
2025-03-07 15:58:25,277 - medical_code_automation - INFO - Searching for codes with query: 'office visit established patient'
2025-03-07 15:58:25,387 - medical_code_automation - INFO - API response: [4, ['G2082', 'G2083', 'G2211', 'G0559'], {'code': ['G2082', 'G2083', 'G2211', 'G0559'], 'display': ['Visit esketamine 56m or less', 'Visit esketamine, > 56m', 'Complex e/m visit add on', 'Unrelat prac follow up visit'], 'short_desc': ['Visit esketamine 56m or less', 'Visit esketamine, > 56m', 'Complex e/m visit add on', 'Unrelat prac follow up visit'], 'long_desc': ['Office or other outpatient visit for the evaluation and management of an established patient that requires the supervision of a physician or other qualified health care professional and provision of up to 56 mg of esketamine nasal self-administration, includes 2 hours post-administration observation', 'Office or other outpatient visit for the evaluation and management of an established patient that requires the supervision of a physician or other qualified health care professional and provision of  greater than 56 mg esketamine nasal self-administration, includes 2 hours post-administration observation', "Visit complexity inherent to evaluation and management associated with medical care services that serve as the continuing focal point for all needed health care services and/or with medical care services that are part of ongoing care related to a patient's single, serious condition or a complex condition.  (add-on code, list separately in addition to office/outpatient evaluation and management visit, new or established)", "Post-operative follow-up visit complexity inherent to evaluation and management services addressing surgical procedure(s), provided by a physician or qualified health care professional who is not the practitioner who performed the procedure (or in the same group practice) and is of the same or of a different specialty than the practitioner who performed the procedure, within the 90-day global period of the procedure(s), once per 90-day global period, when there has not been a formal transfer of care and requires the following required elements, when possible and applicable:    reading available surgical note to understand the relative success of the procedure, the anatomy that was affected, and potential complications that could have arisen due to the unique circumstances of the patient's operation.    research the procedure to determine expected post-operative course and potential complications (in the case of doing a post-op for a procedure outside the specialty).    evaluate and physically examine the patient to determine whether the post-operative course is progressing appropriately.    communicate with the practitioner who performed the procedure if any questions or concerns arise. (list separately in addition to office/outpatient evaluation and management visit, new or established)"]}, [['G2082', 'Visit esketamine 56m or less'], ['G2083', 'Visit esketamine, > 56m'], ['G2211', 'Complex e/m visit add on'], ['G0559', 'Unrelat prac follow up visit']]]
2025-03-07 15:58:25,388 - medical_code_automation - INFO - Saved 24 codes to cache
2025-03-07 15:58:25,388 - medical_code_automation - INFO - Found 4 matching codes
2025-03-07 15:58:25,389 - example_usage - WARNING - Could not find appropriate office visit code
2025-03-07 15:58:25,389 - medical_code_automation - INFO - Searching for codes with query: 'glucose blood test'
2025-03-07 15:58:25,495 - medical_code_automation - INFO - API response: [4, ['A4772', 'A4253', 'A4271', 'E2104'], {'code': ['A4772', 'A4253', 'A4271', 'E2104'], 'display': ['Blood glucose test strips', 'Blood glucose/reagent strips', 'Home lancing/test cartridges', 'Glucose monitor w cartridge'], 'short_desc': ['Blood glucose test strips', 'Blood glucose/reagent strips', 'Home lancing/test cartridges', 'Glucose monitor w cartridge'], 'long_desc': ['Blood glucose test strips, for dialysis, per 50', 'Blood glucose test or reagent strips for home blood glucose monitor, per 50 strips', 'Integrated lancing and blood sample testing cartridges for home blood glucose monitor, per 50 tests', 'Home blood glucose monitor for use with integrated lancing/blood sample testing cartridge']}, [['A4772', 'Blood glucose test strips'], ['A4253', 'Blood glucose/reagent strips'], ['A4271', 'Home lancing/test cartridges'], ['E2104', 'Glucose monitor w cartridge']]]
2025-03-07 15:58:25,496 - medical_code_automation - INFO - Saved 28 codes to cache
2025-03-07 15:58:25,496 - medical_code_automation - INFO - Found 4 matching codes
2025-03-07 15:58:25,497 - example_usage - WARNING - Could not find appropriate glucose test code
2025-03-07 15:58:25,497 - medical_code_automation - INFO - Searching for codes with query: 'wheelchair'
2025-03-07 15:58:25,605 - medical_code_automation - INFO - API response: [320, ['E2210', 'K0001', 'K0003', 'K0005', 'E0961', 'E0968', 'E0969', 'E0980', 'E0994', 'E1060'], {'code': ['E2210', 'K0001', 'K0003', 'K0005', 'E0961', 'E0968', 'E0969', 'E0980', 'E0994', 'E1060'], 'display': ['Wheelchair bearings', 'Standard wheelchair', 'Lightweight wheelchair', 'Ultralightweight wheelchair', 'Wheelchair brake extension', 'Wheelchair commode seat', 'Wheelchair narrowing device', 'Wheelchair safety vest', 'Wheelchair arm rest', 'Wheelchair detachable arms'], 'short_desc': ['Wheelchair bearings', 'Standard wheelchair', 'Lightweight wheelchair', 'Ultralightweight wheelchair', 'Wheelchair brake extension', 'Wheelchair commode seat', 'Wheelchair narrowing device', 'Wheelchair safety vest', 'Wheelchair arm rest', 'Wheelchair detachable arms'], 'long_desc': ['Wheelchair accessory, bearings, any type, replacement only, each', 'Standard wheelchair', 'Lightweight wheelchair', 'Ultralightweight wheelchair', 'Manual wheelchair accessory, wheel lock brake extension (handle), each', 'Commode seat, wheelchair', 'Narrowing device, wheelchair', 'Safety vest, wheelchair', 'Arm rest, each', 'Fully-reclining wheelchair, detachable arms, desk or full length, swing away detachable elevating legrests']}, [['E2210', 'Wheelchair bearings'], ['K0001', 'Standard wheelchair'], ['K0003', 'Lightweight wheelchair'], ['K0005', 'Ultralightweight wheelchair'], ['E0961', 'Wheelchair brake extension'], ['E0968', 'Wheelchair commode seat'], ['E0969', 'Wheelchair narrowing device'], ['E0980', 'Wheelchair safety vest'], ['E0994', 'Wheelchair arm rest'], ['E1060', 'Wheelchair detachable arms']]]
2025-03-07 15:58:25,605 - medical_code_automation - INFO - Saved 28 codes to cache
2025-03-07 15:58:25,606 - medical_code_automation - INFO - Found 10 matching codes
2025-03-07 15:58:25,608 - example_usage - WARNING - Could not find appropriate wheelchair code
2025-03-07 15:58:25,608 - example_usage - INFO - 
Step 2: Getting detailed information for the selected codes
2025-03-07 15:58:25,608 - medical_code_automation - INFO - Bulk updating 3 codes
2025-03-07 15:58:25,608 - medical_code_automation - INFO - Fetching batch of 3 codes
2025-03-07 15:58:25,608 - medical_code_automation - INFO - Getting details for code: 99214
2025-03-07 15:58:25,711 - medical_code_automation - INFO - API response: [0, [], {}, []]
2025-03-07 15:58:25,712 - medical_code_automation - WARNING - Code 99214 not found
2025-03-07 15:58:25,713 - medical_code_automation - INFO - Getting details for code: 82947
2025-03-07 15:58:25,818 - medical_code_automation - INFO - API response: [0, [], {}, []]
2025-03-07 15:58:25,818 - medical_code_automation - WARNING - Code 82947 not found
2025-03-07 15:58:25,820 - medical_code_automation - INFO - Getting details for code: E0143
2025-03-07 15:58:25,925 - medical_code_automation - INFO - API response: [1, ['E0143'], {'code': ['E0143'], 'display': ['Walker folding wheeled w/o s'], 'short_desc': ['Walker folding wheeled w/o s'], 'long_desc': ['Walker, folding, wheeled, adjustable or fixed height']}, [['E0143', 'Walker folding wheeled w/o s']]]
2025-03-07 15:58:25,925 - medical_code_automation - INFO - Saved 29 codes to cache
2025-03-07 15:58:25,926 - medical_code_automation - INFO - Retrieved details for code E0143
2025-03-07 15:58:25,928 - medical_code_automation - INFO - Completed bulk update, retrieved 1 codes
2025-03-07 15:58:25,928 - example_usage - INFO - Code: E0143, Description: Walker folding wheeled w/o s, Price: $None
2025-03-07 15:58:25,928 - example_usage - INFO - 
Step 3: Generating a bill for the patient
2025-03-07 15:58:25,928 - example_usage - INFO - Patient Bill:
2025-03-07 15:58:25,928 - example_usage - INFO - --------------------------------------------------------------------------------
2025-03-07 15:58:25,928 - example_usage - INFO - Code       Description                                        Price      Qty   Total     
2025-03-07 15:58:25,928 - example_usage - INFO - --------------------------------------------------------------------------------
2025-03-07 15:58:25,928 - example_usage - INFO - E0143      Walker folding wheeled w/o s                       $0.00      1     $0.00     
2025-03-07 15:58:25,928 - example_usage - INFO - --------------------------------------------------------------------------------
2025-03-07 15:58:25,928 - example_usage - INFO - Total:                                                                       $0.00     
2025-03-07 15:58:25,928 - example_usage - INFO - 
Step 4: Saving the bill to a file
2025-03-07 15:58:25,928 - example_usage - INFO - Bill saved to example_bill.json
2025-03-07 15:58:25,928 - example_usage - INFO - 
Starting example: Insurance Claim
2025-03-07 15:58:25,928 - example_usage - INFO - Starting example: Patient Visit
2025-03-07 15:58:25,928 - medical_code_automation - INFO - Loaded 29 codes from cache
2025-03-07 15:58:25,928 - medical_code_automation - INFO - Medical Code Automation initialized
2025-03-07 15:58:25,928 - example_usage - INFO - 
Step 1: Finding appropriate codes for the visit
2025-03-07 15:58:25,928 - medical_code_automation - INFO - Searching for codes with query: 'office visit established patient'
2025-03-07 15:58:26,031 - medical_code_automation - INFO - API response: [4, ['G2082', 'G2083', 'G2211', 'G0559'], {'code': ['G2082', 'G2083', 'G2211', 'G0559'], 'display': ['Visit esketamine 56m or less', 'Visit esketamine, > 56m', 'Complex e/m visit add on', 'Unrelat prac follow up visit'], 'short_desc': ['Visit esketamine 56m or less', 'Visit esketamine, > 56m', 'Complex e/m visit add on', 'Unrelat prac follow up visit'], 'long_desc': ['Office or other outpatient visit for the evaluation and management of an established patient that requires the supervision of a physician or other qualified health care professional and provision of up to 56 mg of esketamine nasal self-administration, includes 2 hours post-administration observation', 'Office or other outpatient visit for the evaluation and management of an established patient that requires the supervision of a physician or other qualified health care professional and provision of  greater than 56 mg esketamine nasal self-administration, includes 2 hours post-administration observation', "Visit complexity inherent to evaluation and management associated with medical care services that serve as the continuing focal point for all needed health care services and/or with medical care services that are part of ongoing care related to a patient's single, serious condition or a complex condition.  (add-on code, list separately in addition to office/outpatient evaluation and management visit, new or established)", "Post-operative follow-up visit complexity inherent to evaluation and management services addressing surgical procedure(s), provided by a physician or qualified health care professional who is not the practitioner who performed the procedure (or in the same group practice) and is of the same or of a different specialty than the practitioner who performed the procedure, within the 90-day global period of the procedure(s), once per 90-day global period, when there has not been a formal transfer of care and requires the following required elements, when possible and applicable:    reading available surgical note to understand the relative success of the procedure, the anatomy that was affected, and potential complications that could have arisen due to the unique circumstances of the patient's operation.    research the procedure to determine expected post-operative course and potential complications (in the case of doing a post-op for a procedure outside the specialty).    evaluate and physically examine the patient to determine whether the post-operative course is progressing appropriately.    communicate with the practitioner who performed the procedure if any questions or concerns arise. (list separately in addition to office/outpatient evaluation and management visit, new or established)"]}, [['G2082', 'Visit esketamine 56m or less'], ['G2083', 'Visit esketamine, > 56m'], ['G2211', 'Complex e/m visit add on'], ['G0559', 'Unrelat prac follow up visit']]]
2025-03-07 15:58:26,032 - medical_code_automation - INFO - Saved 29 codes to cache
2025-03-07 15:58:26,033 - medical_code_automation - INFO - Found 4 matching codes
2025-03-07 15:58:26,034 - example_usage - WARNING - Could not find appropriate office visit code
2025-03-07 15:58:26,034 - medical_code_automation - INFO - Searching for codes with query: 'glucose blood test'
2025-03-07 15:58:26,142 - medical_code_automation - INFO - API response: [4, ['A4772', 'A4253', 'A4271', 'E2104'], {'code': ['A4772', 'A4253', 'A4271', 'E2104'], 'display': ['Blood glucose test strips', 'Blood glucose/reagent strips', 'Home lancing/test cartridges', 'Glucose monitor w cartridge'], 'short_desc': ['Blood glucose test strips', 'Blood glucose/reagent strips', 'Home lancing/test cartridges', 'Glucose monitor w cartridge'], 'long_desc': ['Blood glucose test strips, for dialysis, per 50', 'Blood glucose test or reagent strips for home blood glucose monitor, per 50 strips', 'Integrated lancing and blood sample testing cartridges for home blood glucose monitor, per 50 tests', 'Home blood glucose monitor for use with integrated lancing/blood sample testing cartridge']}, [['A4772', 'Blood glucose test strips'], ['A4253', 'Blood glucose/reagent strips'], ['A4271', 'Home lancing/test cartridges'], ['E2104', 'Glucose monitor w cartridge']]]
2025-03-07 15:58:26,142 - medical_code_automation - INFO - Saved 29 codes to cache
2025-03-07 15:58:26,143 - medical_code_automation - INFO - Found 4 matching codes
2025-03-07 15:58:26,144 - example_usage - WARNING - Could not find appropriate glucose test code
2025-03-07 15:58:26,145 - medical_code_automation - INFO - Searching for codes with query: 'wheelchair'
2025-03-07 15:58:26,244 - medical_code_automation - INFO - API response: [320, ['E2210', 'K0001', 'K0003', 'K0005', 'E0961', 'E0968', 'E0969', 'E0980', 'E0994', 'E1060'], {'code': ['E2210', 'K0001', 'K0003', 'K0005', 'E0961', 'E0968', 'E0969', 'E0980', 'E0994', 'E1060'], 'display': ['Wheelchair bearings', 'Standard wheelchair', 'Lightweight wheelchair', 'Ultralightweight wheelchair', 'Wheelchair brake extension', 'Wheelchair commode seat', 'Wheelchair narrowing device', 'Wheelchair safety vest', 'Wheelchair arm rest', 'Wheelchair detachable arms'], 'short_desc': ['Wheelchair bearings', 'Standard wheelchair', 'Lightweight wheelchair', 'Ultralightweight wheelchair', 'Wheelchair brake extension', 'Wheelchair commode seat', 'Wheelchair narrowing device', 'Wheelchair safety vest', 'Wheelchair arm rest', 'Wheelchair detachable arms'], 'long_desc': ['Wheelchair accessory, bearings, any type, replacement only, each', 'Standard wheelchair', 'Lightweight wheelchair', 'Ultralightweight wheelchair', 'Manual wheelchair accessory, wheel lock brake extension (handle), each', 'Commode seat, wheelchair', 'Narrowing device, wheelchair', 'Safety vest, wheelchair', 'Arm rest, each', 'Fully-reclining wheelchair, detachable arms, desk or full length, swing away detachable elevating legrests']}, [['E2210', 'Wheelchair bearings'], ['K0001', 'Standard wheelchair'], ['K0003', 'Lightweight wheelchair'], ['K0005', 'Ultralightweight wheelchair'], ['E0961', 'Wheelchair brake extension'], ['E0968', 'Wheelchair commode seat'], ['E0969', 'Wheelchair narrowing device'], ['E0980', 'Wheelchair safety vest'], ['E0994', 'Wheelchair arm rest'], ['E1060', 'Wheelchair detachable arms']]]
2025-03-07 15:58:26,244 - medical_code_automation - INFO - Saved 29 codes to cache
2025-03-07 15:58:26,245 - medical_code_automation - INFO - Found 10 matching codes
2025-03-07 15:58:26,245 - example_usage - WARNING - Could not find appropriate wheelchair code
2025-03-07 15:58:26,245 - example_usage - INFO - 
Step 2: Getting detailed information for the selected codes
2025-03-07 15:58:26,245 - medical_code_automation - INFO - Bulk updating 3 codes
2025-03-07 15:58:26,245 - medical_code_automation - INFO - Fetching batch of 2 codes
2025-03-07 15:58:26,245 - medical_code_automation - INFO - Getting details for code: 99214
2025-03-07 15:58:26,343 - medical_code_automation - INFO - API response: [0, [], {}, []]
2025-03-07 15:58:26,343 - medical_code_automation - WARNING - Code 99214 not found
2025-03-07 15:58:26,344 - medical_code_automation - INFO - Getting details for code: 82947
2025-03-07 15:58:26,445 - medical_code_automation - INFO - API response: [0, [], {}, []]
2025-03-07 15:58:26,445 - medical_code_automation - WARNING - Code 82947 not found
2025-03-07 15:58:26,446 - medical_code_automation - INFO - Completed bulk update, retrieved 1 codes
2025-03-07 15:58:26,446 - example_usage - INFO - Code: E0143, Description: Walker folding wheeled w/o s, Price: $None
2025-03-07 15:58:26,446 - example_usage - INFO - 
Step 3: Generating a bill for the patient
2025-03-07 15:58:26,446 - example_usage - INFO - Patient Bill:
2025-03-07 15:58:26,446 - example_usage - INFO - --------------------------------------------------------------------------------
2025-03-07 15:58:26,446 - example_usage - INFO - Code       Description                                        Price      Qty   Total     
2025-03-07 15:58:26,446 - example_usage - INFO - --------------------------------------------------------------------------------
2025-03-07 15:58:26,446 - example_usage - INFO - E0143      Walker folding wheeled w/o s                       $0.00      1     $0.00     
2025-03-07 15:58:26,446 - example_usage - INFO - --------------------------------------------------------------------------------
2025-03-07 15:58:26,446 - example_usage - INFO - Total:                                                                       $0.00     
2025-03-07 15:58:26,446 - example_usage - INFO - 
Step 4: Saving the bill to a file
2025-03-07 15:58:26,447 - example_usage - INFO - Bill saved to example_bill.json
2025-03-07 15:58:26,447 - example_usage - INFO - 
Step 1: Preparing the claim data
2025-03-07 15:58:26,447 - example_usage - INFO - 
Step 2: Saving the claim to a file
2025-03-07 15:58:26,447 - example_usage - INFO - Claim saved to example_claim.json
2025-03-07 16:24:28,542 - medical_code_automation - INFO - Loaded 29 codes from cache
2025-03-07 16:24:28,542 - medical_code_automation - INFO - Medical Code Automation initialized
2025-03-07 16:24:28,543 - api_server - INFO - Starting Medical Code API server on port 8000
